Arguments: 
  /usr/local/bin/node /usr/local/bin/yarn add eslint, @typescript-eslint/parser, @typescript-eslint/eslint-plugin

PATH: 
  /usr/local/mysql/bin:/opt/homebrew/bin:/opt/homebrew/sbin:/usr/local/bin:/usr/bin:/bin:/usr/sbin:/sbin:/Library/Apple/usr/bin:/usr/local/mysql/bin:/opt/homebrew/bin:/opt/homebrew/sbin:/Users/nei/Library/Android/sdk/emulator:/Users/nei/Library/Android/sdk/tools:/Users/nei/Library/Android/sdk/tools/bin:/Users/nei/Library/Android/sdk/platform-tools:/Users/nei/.flutter/bin:/Users/nei/Library/Android/sdk/emulator:/Users/nei/Library/Android/sdk/tools:/Users/nei/Library/Android/sdk/tools/bin:/Users/nei/Library/Android/sdk/platform-tools:/Users/nei/.flutter/bin

Yarn version: 
  1.22.17

Node version: 
  16.14.0

Platform: 
  darwin arm64

Trace: 
  Error: https://registry.yarnpkg.com/eslint,: Not found
      at Request.params.callback [as _callback] (/usr/local/lib/node_modules/yarn/lib/cli.js:67029:18)
      at Request.self.callback (/usr/local/lib/node_modules/yarn/lib/cli.js:140883:22)
      at Request.emit (node:events:520:28)
      at Request.<anonymous> (/usr/local/lib/node_modules/yarn/lib/cli.js:141855:10)
      at Request.emit (node:events:520:28)
      at IncomingMessage.<anonymous> (/usr/local/lib/node_modules/yarn/lib/cli.js:141777:12)
      at Object.onceWrapper (node:events:639:28)
      at IncomingMessage.emit (node:events:532:35)
      at endReadableNT (node:internal/streams/readable:1346:12)
      at processTicksAndRejections (node:internal/process/task_queues:83:21)

npm manifest: 
  {
    "name": "eslint-config",
    "version": "1.0.0",
    "main": "index.js",
    "repository": "git@github.com:pswind/eslint-config.git",
    "author": "teivienn@gmail.com",
    "license": "MIT"
  }

yarn manifest: 
  No manifest

Lockfile: 
  No lockfile
